<?xml version="1.0" encoding="UTF-8"?>
<testng-results ignored="0" total="1" passed="1" failed="0" skipped="0">
  <reporter-output>
  </reporter-output>
  <suite started-at="2023-10-17T16:48:56 IST" name="Suite" finished-at="2023-10-17T16:49:30 IST" duration-ms="34006">
    <groups>
    </groups>
    <test started-at="2023-10-17T16:48:56 IST" name="Test" finished-at="2023-10-17T16:49:30 IST" duration-ms="34006">
      <class name="test.LoginTest">
        <test-method is-config="true" signature="beforeClass()[pri:0, instance:test.LoginTest@7b208b45]" started-at="2023-10-17T16:48:56 IST" name="beforeClass" finished-at="2023-10-17T16:48:56 IST" duration-ms="41" status="PASS">
          <reporter-output>
          </reporter-output>
        </test-method> <!-- beforeClass -->
        <test-method signature="validlogin()[pri:0, instance:test.LoginTest@7b208b45]" started-at="2023-10-17T16:48:56 IST" name="validlogin" finished-at="2023-10-17T16:49:30 IST" duration-ms="33865" status="PASS">
          <reporter-output>
          </reporter-output>
        </test-method> <!-- validlogin -->
      </class> <!-- test.LoginTest -->
    </test> <!-- Test -->
  </suite> <!-- Suite -->
</testng-results>
